
 .d88888b.
d88P" "Y88b
888     888
888     888 888  888  8888b.  .d8888b   8888b.  888d888
888     888 888  888     "88b 88K          "88b 888P"
888 Y8b 888 888  888 .d888888 "Y8888b. .d888888 888
Y88b.Y8b88P Y88b 888 888  888      X88 888  888 888
 "Y888888"   "Y88888 "Y888888  88888P' "Y888888 888
       Y8b


 Build mode............. spa
 Pkg quasar............. v2.18.6
 Pkg @quasar/app-vite... v2.4.0
 Pkg vite............... v7.3.1
 Debugging.............. no
 Publishing............. no

 App • Using quasar.config.js in "esm" format
X [ERROR] Expected identifier but found "**"

    quasar.config.js:90:65:
      90 │ ...nd: 'eslint -c ./eslint.config.js "./src*/**/*.{js,mjs,cjs,vue}"',
         ╵                                              ~~


Error: Build failed with 1 error:
quasar.config.js:90:65: ERROR: Expected identifier but found "**"
    at failureErrorWithLog (C:\SPDC\convocatoria-front\node_modules\esbuild\lib\main.js:1467:15)
    at C:\SPDC\convocatoria-front\node_modules\esbuild\lib\main.js:926:25
    at runOnEndCallbacks (C:\SPDC\convocatoria-front\node_modules\esbuild\lib\main.js:1307:45)
    at buildResponseToResult (C:\SPDC\convocatoria-front\node_modules\esbuild\lib\main.js:924:7)
    at C:\SPDC\convocatoria-front\node_modules\esbuild\lib\main.js:951:16
    at responseCallbacks.<computed> (C:\SPDC\convocatoria-front\node_modules\esbuild\lib\main.js:603:9)
    at handleIncomingPacket (C:\SPDC\convocatoria-front\node_modules\esbuild\lib\main.js:658:12)
    at Socket.readFromStdout (C:\SPDC\convocatoria-front\node_modules\esbuild\lib\main.js:581:7)
    at Socket.emit (node:events:518:28)
    at addChunk (node:internal/streams/readable:561:12) {
  errors: [Getter/Setter],
  warnings: [Getter/Setter]
}

 App • ⚠️   FAIL  Could not compile the quasar.config file because it has errors.

